+ cd /testbed
+ git config --global --add safe.directory /testbed
+ cd /testbed
+ git status
On branch master
Changes not staged for commit:
  (use "git add <file>..." to update what will be committed)
  (use "git restore <file>..." to discard changes in working directory)
	modified:   docs/querying/post-aggregations.md
	modified:   pom.xml
	modified:   processing/src/main/java/org/apache/druid/query/aggregation/post/ArithmeticPostAggregator.java

no changes added to commit (use "git add" and/or "git commit -a")
+ git diff 51dfde02840017092486fb75be2b16566aff6a19
diff --git a/docs/querying/post-aggregations.md b/docs/querying/post-aggregations.md
index c75d122eb2..935ca8fbce 100644
--- a/docs/querying/post-aggregations.md
+++ b/docs/querying/post-aggregations.md
@@ -36,7 +36,7 @@ There are several post-aggregators available.
 The arithmetic post-aggregator applies the provided function to the given
 fields from left to right. The fields can be aggregators or other post aggregators.
 
-Supported functions are `+`, `-`, `*`, `/`, and `quotient`.
+Supported functions are `+`, `-`, `*`, `/`, `pow` and `quotient`.
 
 **Note**:
 
diff --git a/pom.xml b/pom.xml
index fed48a176d..16a45f9871 100644
--- a/pom.xml
+++ b/pom.xml
@@ -1511,7 +1511,7 @@
                                 <projectName>Apache Druid</projectName>
                             </properties>
                             <resourceBundles>
-                                <resourceBundle>org.apache.apache.resources:apache-jar-resource-bundle:1.5-SNAPSHOT</resourceBundle>
+                                <resourceBundle>org.apache.apache.resources:apache-jar-resource-bundle:1.5</resourceBundle>
                             </resourceBundles>
                         </configuration>
                     </execution>
diff --git a/processing/src/main/java/org/apache/druid/query/aggregation/post/ArithmeticPostAggregator.java b/processing/src/main/java/org/apache/druid/query/aggregation/post/ArithmeticPostAggregator.java
index d79682dbff..d36252c181 100644
--- a/processing/src/main/java/org/apache/druid/query/aggregation/post/ArithmeticPostAggregator.java
+++ b/processing/src/main/java/org/apache/druid/query/aggregation/post/ArithmeticPostAggregator.java
@@ -204,6 +204,7 @@ public class ArithmeticPostAggregator implements PostAggregator
       case MINUS:
       case DIV:
       case QUOTIENT:
+      case POW:
         return true;
       default:
         throw new IAE(op.fn);
@@ -246,6 +247,14 @@ public class ArithmeticPostAggregator implements PostAggregator
       {
         return lhs / rhs;
       }
+    },
+
+    POW("pow") {
+      @Override
+      public double compute(double lhs, double rhs)
+      {
+        return Math.pow(lhs, rhs);
+      }
     };
 
     private static final Map<String, Ops> LOOKUP_MAP = new HashMap<>();
+ git checkout 51dfde02840017092486fb75be2b16566aff6a19 processing/src/test/java/org/apache/druid/query/aggregation/post/ArithmeticPostAggregatorTest.java
Updated 0 paths from 22932f43e4
+ git apply -v -
Checking patch processing/src/test/java/org/apache/druid/query/aggregation/post/ArithmeticPostAggregatorTest.java...
Applied patch processing/src/test/java/org/apache/druid/query/aggregation/post/ArithmeticPostAggregatorTest.java cleanly.
+ mvn test -B -pl processing -Dtest=org.apache.druid.query.aggregation.post.ArithmeticPostAggregatorTest#testPow
[INFO] Scanning for projects...
[INFO] 
[INFO] -----------------< org.apache.druid:druid-processing >------------------
[INFO] Building druid-processing 26.0.0-SNAPSHOT
[INFO]   from pom.xml
[INFO] --------------------------------[ jar ]---------------------------------
[INFO] 
[INFO] --- checkstyle:3.0.0:check (validate) @ druid-processing ---
[INFO] Starting audit...
Audit done.
[INFO] 
[INFO] >>> pmd:3.16.0:check (validate) > :pmd @ druid-processing >>>
[INFO] 
[INFO] --- pmd:3.16.0:pmd (pmd) @ druid-processing ---
[INFO] PMD version: 6.42.0
[WARNING] There are 1 PMD processing errors:
[WARNING] /testbed/processing/src/main/java/org/apache/druid/query/aggregation/JavaScriptAggregatorFactory.java: PMDException: Error while parsing /testbed/processing/src/main/java/org/apache/druid/query/aggregation/JavaScriptAggregatorFactory.java
[INFO] 
[INFO] <<< pmd:3.16.0:check (validate) < :pmd @ druid-processing <<<
[INFO] 
[INFO] 
[INFO] --- pmd:3.16.0:check (validate) @ druid-processing ---
[INFO] PMD version: 6.42.0
[INFO] 
[INFO] 
[INFO] --- enforcer:3.0.0:enforce (enforce-maven-version) @ druid-processing ---
[INFO] 
[INFO] --- enforcer:3.0.0:enforce (default-cli) @ druid-processing ---
[INFO] 
[INFO] --- git-commit-id:2.2.5:revision (default) @ druid-processing ---
[INFO] 
[INFO] --- jacoco:0.8.7:prepare-agent (prepare-agent) @ druid-processing ---
[INFO] jacocoArgLine set to -javaagent:/root/.m2/repository/org/jacoco/org.jacoco.agent/0.8.7/org.jacoco.agent-0.8.7-runtime.jar=destfile=/testbed/processing/target/jacoco.exec,excludes=org/apache/druid/cli/Cli*:org/apache/druid/cli/GuiceRunnable.class:org/apache/druid/cli/*JettyServerInitializer*:org/apache/druid/server/initialization/*Module*:org/apache/druid/server/initialization/jetty/*Module*:org/apache/druid/guice/http/*:org/apache/druid/math/expr/antlr/Expr*:org/apache/druid/**/generated/*Benchmark*:org/apache/druid/data/input/influx/InfluxLineProtocol*:org/apache/druid/benchmark/**/*:org/apache/druid/**/*Benchmark*:org/apache/druid/testing/**/*:org/apache/druid/server/coordination/ServerManagerForQueryErrorTest.class:org/apache/druid/guice/SleepModule.class:org/apache/druid/guice/CustomNodeRoleClientModule.class:org/apache/druid/cli/CustomNodeRoleCommandCreator.class:org/apache/druid/cli/QueryRetryTestCommandCreator.class:org/apache/druid/query/TruncatedResponseContextException.class:org/apache/druid/common/aws/AWSCredentials*
[INFO] 
[INFO] --- remote-resources:1.5:process (process-resource-bundles) @ druid-processing ---
[INFO] 
[INFO] --- resources:3.2.0:resources (default-resources) @ druid-processing ---
[INFO] Using 'UTF-8' encoding to copy filtered resources.
[INFO] Using 'UTF-8' encoding to copy filtered properties files.
[INFO] skip non existing resourceDirectory /testbed/processing/src/main/resources
[INFO] Copying 3 resources
[INFO] 
[INFO] --- compiler:3.8.1:compile (default-compile) @ druid-processing ---
[INFO] Changes detected - recompiling the module!
[INFO] Compiling 1447 source files to /testbed/processing/target/classes
[INFO] /testbed/processing/src/main/java/org/apache/druid/segment/incremental/IncrementalIndex.java: Some input files use or override a deprecated API.
[INFO] /testbed/processing/src/main/java/org/apache/druid/segment/incremental/IncrementalIndex.java: Recompile with -Xlint:deprecation for details.
[INFO] /testbed/processing/src/main/java/org/apache/druid/segment/NumericDimensionMergerV9.java: Some input files use unchecked or unsafe operations.
[INFO] /testbed/processing/src/main/java/org/apache/druid/segment/NumericDimensionMergerV9.java: Recompile with -Xlint:unchecked for details.
[INFO] 
[INFO] --- forbiddenapis:3.2:check (compile) @ druid-processing ---
[INFO] Scanning for classes to check...
[INFO] Reading bundled API signatures: jdk-unsafe-1.8
[INFO] Reading bundled API signatures: jdk-system-out
[INFO] Reading API signatures: /testbed/codestyle/joda-time-forbidden-apis.txt
[INFO] Reading API signatures: /testbed/codestyle/guava16-forbidden-apis.txt
[INFO] Reading API signatures: /testbed/codestyle/druid-forbidden-apis.txt
[INFO] Loading classes to check...
[INFO] Scanning classes for violations...
[INFO] Scanned 2585 class file(s) for forbidden API invocations (in 2.77s), 0 error(s).
[INFO] 
[INFO] --- resources:3.2.0:testResources (default-testResources) @ druid-processing ---
[INFO] Using 'UTF-8' encoding to copy filtered resources.
[INFO] Using 'UTF-8' encoding to copy filtered properties files.
[INFO] Copying 37 resources
[INFO] Copying 3 resources
[INFO] 
[INFO] --- compiler:3.8.1:testCompile (default-testCompile) @ druid-processing ---
[INFO] Changes detected - recompiling the module!
[INFO] Compiling 641 source files to /testbed/processing/target/test-classes
[INFO] /testbed/processing/src/test/java/org/apache/druid/segment/virtual/ExpressionVectorSelectorsTest.java: Some input files use or override a deprecated API.
[INFO] /testbed/processing/src/test/java/org/apache/druid/segment/virtual/ExpressionVectorSelectorsTest.java: Recompile with -Xlint:deprecation for details.
[INFO] /testbed/processing/src/test/java/org/apache/druid/query/aggregation/TestObjectColumnSelector.java: Some input files use unchecked or unsafe operations.
[INFO] /testbed/processing/src/test/java/org/apache/druid/query/aggregation/TestObjectColumnSelector.java: Recompile with -Xlint:unchecked for details.
[INFO] 
[INFO] --- forbiddenapis:3.2:testCheck (testCompile) @ druid-processing ---
[INFO] Scanning for classes to check...
[INFO] Reading bundled API signatures: jdk-unsafe-1.8
[INFO] Reading API signatures: /testbed/codestyle/joda-time-forbidden-apis.txt
[INFO] Reading API signatures: /testbed/codestyle/guava16-forbidden-apis.txt
[INFO] Reading API signatures: /testbed/codestyle/druid-forbidden-apis.txt
[INFO] Loading classes to check...
[INFO] Scanning classes for violations...
[INFO] Scanned 1138 class file(s) for forbidden API invocations (in 2.07s), 0 error(s).
[INFO] 
[INFO] --- surefire:3.0.0-M7:test (default-test) @ druid-processing ---
[INFO] Using auto detected provider org.apache.maven.surefire.junitcore.JUnitCoreProvider
[INFO] Downloading from central: https://repo.maven.apache.org/maven2/org/apache/maven/surefire/surefire-junit47/3.0.0-M7/surefire-junit47-3.0.0-M7.jar
[INFO] Downloaded from central: https://repo.maven.apache.org/maven2/org/apache/maven/surefire/surefire-junit47/3.0.0-M7/surefire-junit47-3.0.0-M7.jar (90 kB at 108 kB/s)
[INFO] Downloading from central: https://repo.maven.apache.org/maven2/org/apache/maven/surefire/surefire-junit47/3.0.0-M7/surefire-junit47-3.0.0-M7.pom
[INFO] Downloaded from central: https://repo.maven.apache.org/maven2/org/apache/maven/surefire/surefire-junit47/3.0.0-M7/surefire-junit47-3.0.0-M7.pom (4.0 kB at 224 kB/s)
[INFO] Downloading from central: https://repo.maven.apache.org/maven2/org/apache/maven/surefire/surefire-providers/3.0.0-M7/surefire-providers-3.0.0-M7.pom
[INFO] Downloaded from central: https://repo.maven.apache.org/maven2/org/apache/maven/surefire/surefire-providers/3.0.0-M7/surefire-providers-3.0.0-M7.pom (2.5 kB at 110 kB/s)
[INFO] Downloading from central: https://repo.maven.apache.org/maven2/org/apache/maven/surefire/common-junit48/3.0.0-M7/common-junit48-3.0.0-M7.pom
[INFO] Downloaded from central: https://repo.maven.apache.org/maven2/org/apache/maven/surefire/common-junit48/3.0.0-M7/common-junit48-3.0.0-M7.pom (7.9 kB at 492 kB/s)
[INFO] Downloading from central: https://repo.maven.apache.org/maven2/org/apache/maven/surefire/common-junit4/3.0.0-M7/common-junit4-3.0.0-M7.pom
[INFO] Downloaded from central: https://repo.maven.apache.org/maven2/org/apache/maven/surefire/common-junit4/3.0.0-M7/common-junit4-3.0.0-M7.pom (3.0 kB at 300 kB/s)
[INFO] Downloading from central: https://repo.maven.apache.org/maven2/org/apache/maven/surefire/common-junit3/3.0.0-M7/common-junit3-3.0.0-M7.pom
[INFO] Downloaded from central: https://repo.maven.apache.org/maven2/org/apache/maven/surefire/common-junit3/3.0.0-M7/common-junit3-3.0.0-M7.pom (2.7 kB at 189 kB/s)
[INFO] Downloading from central: https://repo.maven.apache.org/maven2/org/apache/maven/surefire/common-java5/3.0.0-M7/common-java5-3.0.0-M7.pom
[INFO] Downloaded from central: https://repo.maven.apache.org/maven2/org/apache/maven/surefire/common-java5/3.0.0-M7/common-java5-3.0.0-M7.pom (2.7 kB at 299 kB/s)
[INFO] Downloading from central: https://repo.maven.apache.org/maven2/org/apache/maven/surefire/surefire-grouper/3.0.0-M7/surefire-grouper-3.0.0-M7.pom
[INFO] Downloaded from central: https://repo.maven.apache.org/maven2/org/apache/maven/surefire/surefire-grouper/3.0.0-M7/surefire-grouper-3.0.0-M7.pom (3.3 kB at 334 kB/s)
[INFO] Downloading from central: https://repo.maven.apache.org/maven2/junit/junit/4.8.2/junit-4.8.2.pom
[INFO] Downloaded from central: https://repo.maven.apache.org/maven2/junit/junit/4.8.2/junit-4.8.2.pom (1.5 kB at 78 kB/s)
[INFO] Artifact org.sonatype.oss:oss-parent:pom:7 is present in the local repository, but cached from a remote repository ID that is unavailable in current build context, verifying that is downloadable from [central (https://repo.maven.apache.org/maven2, default, releases), apache.snapshots (https://repository.apache.org/snapshots, default, snapshots), maven-default-http-blocker (http://0.0.0.0/, default, snapshots, blocked), sonatype-nexus-snapshots (https://oss.sonatype.org/content/repositories/snapshots, default, snapshots)]
[INFO] Artifact org.sonatype.oss:oss-parent:pom:7 is present in the local repository, but cached from a remote repository ID that is unavailable in current build context, verifying that is downloadable from [central (https://repo.maven.apache.org/maven2, default, releases), apache.snapshots (https://repository.apache.org/snapshots, default, snapshots), maven-default-http-blocker (http://0.0.0.0/, default, snapshots, blocked), sonatype-nexus-snapshots (https://oss.sonatype.org/content/repositories/snapshots, default, snapshots)]
[INFO] Downloading from central: https://repo.maven.apache.org/maven2/org/sonatype/oss/oss-parent/7/oss-parent-7.pom
[INFO] Downloaded from central: https://repo.maven.apache.org/maven2/org/sonatype/oss/oss-parent/7/oss-parent-7.pom (0 B at 0 B/s)
[INFO] Downloading from central: https://repo.maven.apache.org/maven2/com/github/stephenc/jcip/jcip-annotations/1.0-1/jcip-annotations-1.0-1.pom
[INFO] Downloaded from central: https://repo.maven.apache.org/maven2/com/github/stephenc/jcip/jcip-annotations/1.0-1/jcip-annotations-1.0-1.pom (5.4 kB at 187 kB/s)
[INFO] Downloading from central: https://repo.maven.apache.org/maven2/org/mockito/mockito-core/2.28.2/mockito-core-2.28.2.pom
[INFO] Downloaded from central: https://repo.maven.apache.org/maven2/org/mockito/mockito-core/2.28.2/mockito-core-2.28.2.pom (20 kB at 837 kB/s)
[INFO] Downloading from central: https://repo.maven.apache.org/maven2/net/bytebuddy/byte-buddy/1.9.10/byte-buddy-1.9.10.pom
[INFO] Downloaded from central: https://repo.maven.apache.org/maven2/net/bytebuddy/byte-buddy/1.9.10/byte-buddy-1.9.10.pom (10 kB at 939 kB/s)
[INFO] Downloading from central: https://repo.maven.apache.org/maven2/net/bytebuddy/byte-buddy-parent/1.9.10/byte-buddy-parent-1.9.10.pom
[INFO] Downloaded from central: https://repo.maven.apache.org/maven2/net/bytebuddy/byte-buddy-parent/1.9.10/byte-buddy-parent-1.9.10.pom (36 kB at 2.6 MB/s)
[INFO] Downloading from central: https://repo.maven.apache.org/maven2/net/bytebuddy/byte-buddy-agent/1.9.10/byte-buddy-agent-1.9.10.pom
[INFO] Downloaded from central: https://repo.maven.apache.org/maven2/net/bytebuddy/byte-buddy-agent/1.9.10/byte-buddy-agent-1.9.10.pom (6.0 kB at 402 kB/s)
[INFO] Downloading from central: https://repo.maven.apache.org/maven2/org/hamcrest/hamcrest-library/1.3/hamcrest-library-1.3.pom
[INFO] Downloaded from central: https://repo.maven.apache.org/maven2/org/hamcrest/hamcrest-library/1.3/hamcrest-library-1.3.pom (820 B at 48 kB/s)
[INFO] Downloading from central: https://repo.maven.apache.org/maven2/org/assertj/assertj-core/3.22.0/assertj-core-3.22.0.pom
[INFO] Downloaded from central: https://repo.maven.apache.org/maven2/org/assertj/assertj-core/3.22.0/assertj-core-3.22.0.pom (31 kB at 1.5 MB/s)
[INFO] Downloading from central: https://repo.maven.apache.org/maven2/org/assertj/assertj-parent-pom/2.2.14/assertj-parent-pom-2.2.14.pom
[INFO] Downloaded from central: https://repo.maven.apache.org/maven2/org/assertj/assertj-parent-pom/2.2.14/assertj-parent-pom-2.2.14.pom (25 kB at 1.2 MB/s)
[INFO] Artifact org.junit:junit-bom:pom:5.8.2 is present in the local repository, but cached from a remote repository ID that is unavailable in current build context, verifying that is downloadable from [central (https://repo.maven.apache.org/maven2, default, releases), apache.snapshots (https://repository.apache.org/snapshots, default, snapshots)]
[INFO] Artifact org.junit:junit-bom:pom:5.8.2 is present in the local repository, but cached from a remote repository ID that is unavailable in current build context, verifying that is downloadable from [central (https://repo.maven.apache.org/maven2, default, releases), apache.snapshots (https://repository.apache.org/snapshots, default, snapshots)]
[INFO] Downloading from central: https://repo.maven.apache.org/maven2/org/junit/junit-bom/5.8.2/junit-bom-5.8.2.pom
[INFO] Downloaded from central: https://repo.maven.apache.org/maven2/org/junit/junit-bom/5.8.2/junit-bom-5.8.2.pom (0 B at 0 B/s)
[INFO] Downloading from central: https://repo.maven.apache.org/maven2/org/junit/junit-bom/5.8.0/junit-bom-5.8.0.pom
[INFO] Downloaded from central: https://repo.maven.apache.org/maven2/org/junit/junit-bom/5.8.0/junit-bom-5.8.0.pom (5.6 kB at 626 kB/s)
[INFO] Downloading from central: https://repo.maven.apache.org/maven2/org/apache/maven/surefire/common-junit3/3.0.0-M7/common-junit3-3.0.0-M7.jar
[INFO] Downloading from central: https://repo.maven.apache.org/maven2/org/apache/maven/surefire/common-junit4/3.0.0-M7/common-junit4-3.0.0-M7.jar
[INFO] Downloading from central: https://repo.maven.apache.org/maven2/org/apache/maven/surefire/surefire-grouper/3.0.0-M7/surefire-grouper-3.0.0-M7.jar
[INFO] Downloading from central: https://repo.maven.apache.org/maven2/org/apache/maven/surefire/common-junit48/3.0.0-M7/common-junit48-3.0.0-M7.jar
[INFO] Downloading from central: https://repo.maven.apache.org/maven2/org/apache/maven/surefire/common-java5/3.0.0-M7/common-java5-3.0.0-M7.jar
[INFO] Downloaded from central: https://repo.maven.apache.org/maven2/org/apache/maven/surefire/common-junit3/3.0.0-M7/common-junit3-3.0.0-M7.jar (12 kB at 336 kB/s)
[INFO] Downloaded from central: https://repo.maven.apache.org/maven2/org/apache/maven/surefire/common-junit48/3.0.0-M7/common-junit48-3.0.0-M7.jar (21 kB at 302 kB/s)
[INFO] Downloaded from central: https://repo.maven.apache.org/maven2/org/apache/maven/surefire/common-java5/3.0.0-M7/common-java5-3.0.0-M7.jar (17 kB at 209 kB/s)
[INFO] Downloaded from central: https://repo.maven.apache.org/maven2/org/apache/maven/surefire/common-junit4/3.0.0-M7/common-junit4-3.0.0-M7.jar (26 kB at 210 kB/s)
[INFO] Downloaded from central: https://repo.maven.apache.org/maven2/org/apache/maven/surefire/surefire-grouper/3.0.0-M7/surefire-grouper-3.0.0-M7.jar (40 kB at 287 kB/s)
[INFO] 
[INFO] -------------------------------------------------------
[INFO]  T E S T S
[INFO] -------------------------------------------------------
[INFO] Running org.apache.druid.query.aggregation.post.ArithmeticPostAggregatorTest
[INFO] Tests run: 1, Failures: 0, Errors: 0, Skipped: 0, Time elapsed: 0.229 s - in org.apache.druid.query.aggregation.post.ArithmeticPostAggregatorTest
[INFO] 
[INFO] Results:
[INFO] 
[INFO] Tests run: 1, Failures: 0, Errors: 0, Skipped: 0
[INFO] 
[INFO] 
[INFO] --- animal-sniffer:1.17:check (check-java-api) @ druid-processing ---
[INFO] Checking unresolved references to org.codehaus.mojo.signature:java18:1.0
[INFO] ------------------------------------------------------------------------
[INFO] BUILD SUCCESS
[INFO] ------------------------------------------------------------------------
[INFO] Total time:  02:40 min
[INFO] Finished at: 2024-10-04T11:36:32Z
[INFO] ------------------------------------------------------------------------
+ mvn test -B -pl processing -Dtest=org.apache.druid.query.aggregation.post.ArithmeticPostAggregatorTest#testDiv
[INFO] Scanning for projects...
[INFO] 
[INFO] -----------------< org.apache.druid:druid-processing >------------------
[INFO] Building druid-processing 26.0.0-SNAPSHOT
[INFO]   from pom.xml
[INFO] --------------------------------[ jar ]---------------------------------
[INFO] 
[INFO] --- checkstyle:3.0.0:check (validate) @ druid-processing ---
[INFO] Starting audit...
Audit done.
[INFO] 
[INFO] >>> pmd:3.16.0:check (validate) > :pmd @ druid-processing >>>
[INFO] 
[INFO] --- pmd:3.16.0:pmd (pmd) @ druid-processing ---
[INFO] PMD version: 6.42.0
[WARNING] There are 1 PMD processing errors:
[WARNING] /testbed/processing/src/main/java/org/apache/druid/query/aggregation/JavaScriptAggregatorFactory.java: PMDException: Error while parsing /testbed/processing/src/main/java/org/apache/druid/query/aggregation/JavaScriptAggregatorFactory.java
[INFO] 
[INFO] <<< pmd:3.16.0:check (validate) < :pmd @ druid-processing <<<
[INFO] 
[INFO] 
[INFO] --- pmd:3.16.0:check (validate) @ druid-processing ---
[INFO] PMD version: 6.42.0
[INFO] 
[INFO] 
[INFO] --- enforcer:3.0.0:enforce (enforce-maven-version) @ druid-processing ---
[INFO] 
[INFO] --- enforcer:3.0.0:enforce (default-cli) @ druid-processing ---
[INFO] 
[INFO] --- git-commit-id:2.2.5:revision (default) @ druid-processing ---
[INFO] 
[INFO] --- jacoco:0.8.7:prepare-agent (prepare-agent) @ druid-processing ---
[INFO] jacocoArgLine set to -javaagent:/root/.m2/repository/org/jacoco/org.jacoco.agent/0.8.7/org.jacoco.agent-0.8.7-runtime.jar=destfile=/testbed/processing/target/jacoco.exec,excludes=org/apache/druid/cli/Cli*:org/apache/druid/cli/GuiceRunnable.class:org/apache/druid/cli/*JettyServerInitializer*:org/apache/druid/server/initialization/*Module*:org/apache/druid/server/initialization/jetty/*Module*:org/apache/druid/guice/http/*:org/apache/druid/math/expr/antlr/Expr*:org/apache/druid/**/generated/*Benchmark*:org/apache/druid/data/input/influx/InfluxLineProtocol*:org/apache/druid/benchmark/**/*:org/apache/druid/**/*Benchmark*:org/apache/druid/testing/**/*:org/apache/druid/server/coordination/ServerManagerForQueryErrorTest.class:org/apache/druid/guice/SleepModule.class:org/apache/druid/guice/CustomNodeRoleClientModule.class:org/apache/druid/cli/CustomNodeRoleCommandCreator.class:org/apache/druid/cli/QueryRetryTestCommandCreator.class:org/apache/druid/query/TruncatedResponseContextException.class:org/apache/druid/common/aws/AWSCredentials*
[INFO] 
[INFO] --- remote-resources:1.5:process (process-resource-bundles) @ druid-processing ---
[INFO] 
[INFO] --- resources:3.2.0:resources (default-resources) @ druid-processing ---
[INFO] Using 'UTF-8' encoding to copy filtered resources.
[INFO] Using 'UTF-8' encoding to copy filtered properties files.
[INFO] skip non existing resourceDirectory /testbed/processing/src/main/resources
[INFO] Copying 3 resources
[INFO] 
[INFO] --- compiler:3.8.1:compile (default-compile) @ druid-processing ---
[INFO] Nothing to compile - all classes are up to date
[INFO] 
[INFO] --- forbiddenapis:3.2:check (compile) @ druid-processing ---
[INFO] Scanning for classes to check...
[INFO] Reading bundled API signatures: jdk-unsafe-1.8
[INFO] Reading bundled API signatures: jdk-system-out
[INFO] Reading API signatures: /testbed/codestyle/joda-time-forbidden-apis.txt
[INFO] Reading API signatures: /testbed/codestyle/guava16-forbidden-apis.txt
[INFO] Reading API signatures: /testbed/codestyle/druid-forbidden-apis.txt
[INFO] Loading classes to check...
[INFO] Scanning classes for violations...
[INFO] Scanned 2585 class file(s) for forbidden API invocations (in 3.80s), 0 error(s).
[INFO] 
[INFO] --- resources:3.2.0:testResources (default-testResources) @ druid-processing ---
[INFO] Using 'UTF-8' encoding to copy filtered resources.
[INFO] Using 'UTF-8' encoding to copy filtered properties files.
[INFO] Copying 37 resources
[INFO] Copying 3 resources
[INFO] 
[INFO] --- compiler:3.8.1:testCompile (default-testCompile) @ druid-processing ---
[INFO] Nothing to compile - all classes are up to date
[INFO] 
[INFO] --- forbiddenapis:3.2:testCheck (testCompile) @ druid-processing ---
[INFO] Scanning for classes to check...
[INFO] Reading bundled API signatures: jdk-unsafe-1.8
[INFO] Reading API signatures: /testbed/codestyle/joda-time-forbidden-apis.txt
[INFO] Reading API signatures: /testbed/codestyle/guava16-forbidden-apis.txt
[INFO] Reading API signatures: /testbed/codestyle/druid-forbidden-apis.txt
[INFO] Loading classes to check...
[INFO] Scanning classes for violations...
[INFO] Scanned 1138 class file(s) for forbidden API invocations (in 2.61s), 0 error(s).
[INFO] 
[INFO] --- surefire:3.0.0-M7:test (default-test) @ druid-processing ---
[INFO] Using auto detected provider org.apache.maven.surefire.junitcore.JUnitCoreProvider
[INFO] 
[INFO] -------------------------------------------------------
[INFO]  T E S T S
[INFO] -------------------------------------------------------
[INFO] Running org.apache.druid.query.aggregation.post.ArithmeticPostAggregatorTest
[INFO] Tests run: 1, Failures: 0, Errors: 0, Skipped: 0, Time elapsed: 0.334 s - in org.apache.druid.query.aggregation.post.ArithmeticPostAggregatorTest
[INFO] 
[INFO] Results:
[INFO] 
[INFO] Tests run: 1, Failures: 0, Errors: 0, Skipped: 0
[INFO] 
[INFO] 
[INFO] --- animal-sniffer:1.17:check (check-java-api) @ druid-processing ---
[INFO] Checking unresolved references to org.codehaus.mojo.signature:java18:1.0
[INFO] ------------------------------------------------------------------------
[INFO] BUILD SUCCESS
[INFO] ------------------------------------------------------------------------
[INFO] Total time:  01:11 min
[INFO] Finished at: 2024-10-04T11:37:47Z
[INFO] ------------------------------------------------------------------------
+ mvn test -B -pl processing -Dtest=org.apache.druid.query.aggregation.post.ArithmeticPostAggregatorTest#testQuotient
[INFO] Scanning for projects...
[INFO] 
[INFO] -----------------< org.apache.druid:druid-processing >------------------
[INFO] Building druid-processing 26.0.0-SNAPSHOT
[INFO]   from pom.xml
[INFO] --------------------------------[ jar ]---------------------------------
[INFO] 
[INFO] --- checkstyle:3.0.0:check (validate) @ druid-processing ---
[INFO] Starting audit...
Audit done.
[INFO] 
[INFO] >>> pmd:3.16.0:check (validate) > :pmd @ druid-processing >>>
[INFO] 
[INFO] --- pmd:3.16.0:pmd (pmd) @ druid-processing ---
[INFO] PMD version: 6.42.0
[WARNING] There are 1 PMD processing errors:
[WARNING] /testbed/processing/src/main/java/org/apache/druid/query/aggregation/JavaScriptAggregatorFactory.java: PMDException: Error while parsing /testbed/processing/src/main/java/org/apache/druid/query/aggregation/JavaScriptAggregatorFactory.java
[INFO] 
[INFO] <<< pmd:3.16.0:check (validate) < :pmd @ druid-processing <<<
[INFO] 
[INFO] 
[INFO] --- pmd:3.16.0:check (validate) @ druid-processing ---
[INFO] PMD version: 6.42.0
[INFO] 
[INFO] 
[INFO] --- enforcer:3.0.0:enforce (enforce-maven-version) @ druid-processing ---
[INFO] 
[INFO] --- enforcer:3.0.0:enforce (default-cli) @ druid-processing ---
[INFO] 
[INFO] --- git-commit-id:2.2.5:revision (default) @ druid-processing ---
[INFO] 
[INFO] --- jacoco:0.8.7:prepare-agent (prepare-agent) @ druid-processing ---
[INFO] jacocoArgLine set to -javaagent:/root/.m2/repository/org/jacoco/org.jacoco.agent/0.8.7/org.jacoco.agent-0.8.7-runtime.jar=destfile=/testbed/processing/target/jacoco.exec,excludes=org/apache/druid/cli/Cli*:org/apache/druid/cli/GuiceRunnable.class:org/apache/druid/cli/*JettyServerInitializer*:org/apache/druid/server/initialization/*Module*:org/apache/druid/server/initialization/jetty/*Module*:org/apache/druid/guice/http/*:org/apache/druid/math/expr/antlr/Expr*:org/apache/druid/**/generated/*Benchmark*:org/apache/druid/data/input/influx/InfluxLineProtocol*:org/apache/druid/benchmark/**/*:org/apache/druid/**/*Benchmark*:org/apache/druid/testing/**/*:org/apache/druid/server/coordination/ServerManagerForQueryErrorTest.class:org/apache/druid/guice/SleepModule.class:org/apache/druid/guice/CustomNodeRoleClientModule.class:org/apache/druid/cli/CustomNodeRoleCommandCreator.class:org/apache/druid/cli/QueryRetryTestCommandCreator.class:org/apache/druid/query/TruncatedResponseContextException.class:org/apache/druid/common/aws/AWSCredentials*
[INFO] 
[INFO] --- remote-resources:1.5:process (process-resource-bundles) @ druid-processing ---
[INFO] 
[INFO] --- resources:3.2.0:resources (default-resources) @ druid-processing ---
[INFO] Using 'UTF-8' encoding to copy filtered resources.
[INFO] Using 'UTF-8' encoding to copy filtered properties files.
[INFO] skip non existing resourceDirectory /testbed/processing/src/main/resources
[INFO] Copying 3 resources
[INFO] 
[INFO] --- compiler:3.8.1:compile (default-compile) @ druid-processing ---
[INFO] Nothing to compile - all classes are up to date
[INFO] 
[INFO] --- forbiddenapis:3.2:check (compile) @ druid-processing ---
[INFO] Scanning for classes to check...
[INFO] Reading bundled API signatures: jdk-unsafe-1.8
[INFO] Reading bundled API signatures: jdk-system-out
[INFO] Reading API signatures: /testbed/codestyle/joda-time-forbidden-apis.txt
[INFO] Reading API signatures: /testbed/codestyle/guava16-forbidden-apis.txt
[INFO] Reading API signatures: /testbed/codestyle/druid-forbidden-apis.txt
[INFO] Loading classes to check...
[INFO] Scanning classes for violations...
[INFO] Scanned 2585 class file(s) for forbidden API invocations (in 4.35s), 0 error(s).
[INFO] 
[INFO] --- resources:3.2.0:testResources (default-testResources) @ druid-processing ---
[INFO] Using 'UTF-8' encoding to copy filtered resources.
[INFO] Using 'UTF-8' encoding to copy filtered properties files.
[INFO] Copying 37 resources
[INFO] Copying 3 resources
[INFO] 
[INFO] --- compiler:3.8.1:testCompile (default-testCompile) @ druid-processing ---
[INFO] Nothing to compile - all classes are up to date
[INFO] 
[INFO] --- forbiddenapis:3.2:testCheck (testCompile) @ druid-processing ---
[INFO] Scanning for classes to check...
[INFO] Reading bundled API signatures: jdk-unsafe-1.8
[INFO] Reading API signatures: /testbed/codestyle/joda-time-forbidden-apis.txt
[INFO] Reading API signatures: /testbed/codestyle/guava16-forbidden-apis.txt
[INFO] Reading API signatures: /testbed/codestyle/druid-forbidden-apis.txt
[INFO] Loading classes to check...
[INFO] Scanning classes for violations...
[INFO] Scanned 1138 class file(s) for forbidden API invocations (in 3.11s), 0 error(s).
[INFO] 
[INFO] --- surefire:3.0.0-M7:test (default-test) @ druid-processing ---
[INFO] Using auto detected provider org.apache.maven.surefire.junitcore.JUnitCoreProvider
[INFO] 
[INFO] -------------------------------------------------------
[INFO]  T E S T S
[INFO] -------------------------------------------------------
[INFO] Running org.apache.druid.query.aggregation.post.ArithmeticPostAggregatorTest
[INFO] Tests run: 1, Failures: 0, Errors: 0, Skipped: 0, Time elapsed: 0.256 s - in org.apache.druid.query.aggregation.post.ArithmeticPostAggregatorTest
[INFO] 
[INFO] Results:
[INFO] 
[INFO] Tests run: 1, Failures: 0, Errors: 0, Skipped: 0
[INFO] 
[INFO] 
[INFO] --- animal-sniffer:1.17:check (check-java-api) @ druid-processing ---
[INFO] Checking unresolved references to org.codehaus.mojo.signature:java18:1.0
[INFO] ------------------------------------------------------------------------
[INFO] BUILD SUCCESS
[INFO] ------------------------------------------------------------------------
[INFO] Total time:  01:11 min
[INFO] Finished at: 2024-10-04T11:39:03Z
[INFO] ------------------------------------------------------------------------
+ git checkout 51dfde02840017092486fb75be2b16566aff6a19 processing/src/test/java/org/apache/druid/query/aggregation/post/ArithmeticPostAggregatorTest.java
Updated 1 path from 22932f43e4
