+ cd /testbed
+ git config --global --add safe.directory /testbed
+ cd /testbed
+ git status
On branch master
Changes not staged for commit:
  (use "git add <file>..." to update what will be committed)
  (use "git restore <file>..." to discard changes in working directory)
	modified:   server/src/main/java/org/apache/druid/server/metrics/WorkerTaskCountStatsMonitor.java

no changes added to commit (use "git add" and/or "git commit -a")
+ git diff 483a03f26c7221f10493d86715985a58e61af967
diff --git a/server/src/main/java/org/apache/druid/server/metrics/WorkerTaskCountStatsMonitor.java b/server/src/main/java/org/apache/druid/server/metrics/WorkerTaskCountStatsMonitor.java
index bc09e95b5c..a568ad85d4 100644
--- a/server/src/main/java/org/apache/druid/server/metrics/WorkerTaskCountStatsMonitor.java
+++ b/server/src/main/java/org/apache/druid/server/metrics/WorkerTaskCountStatsMonitor.java
@@ -38,6 +38,7 @@ public class WorkerTaskCountStatsMonitor extends AbstractMonitor
   private final String workerCategory;
   private final String workerVersion;
   private final boolean isMiddleManager;
+  private final boolean isIndexer;
 
   @Inject
   public WorkerTaskCountStatsMonitor(
@@ -46,16 +47,22 @@ public class WorkerTaskCountStatsMonitor extends AbstractMonitor
   )
   {
     this.isMiddleManager = nodeRoles.contains(NodeRole.MIDDLE_MANAGER);
+    this.isIndexer = nodeRoles.contains(NodeRole.INDEXER);
     if (isMiddleManager) {
       this.statsProvider = injector.getInstance(WorkerTaskCountStatsProvider.class);
       this.indexerStatsProvider = null;
       this.workerCategory = statsProvider.getWorkerCategory();
       this.workerVersion = statsProvider.getWorkerVersion();
-    } else {
+    } else if (isIndexer) {
       this.indexerStatsProvider = injector.getInstance(IndexerTaskCountStatsProvider.class);
       this.statsProvider = null;
       this.workerCategory = null;
       this.workerVersion = null;
+    } else {
+      this.indexerStatsProvider = null;
+      this.statsProvider = null;
+      this.workerCategory = null;
+      this.workerVersion = null;
     }
   }
 
@@ -68,7 +75,7 @@ public class WorkerTaskCountStatsMonitor extends AbstractMonitor
       emit(emitter, "worker/taskSlot/idle/count", statsProvider.getWorkerIdleTaskSlotCount());
       emit(emitter, "worker/taskSlot/total/count", statsProvider.getWorkerTotalTaskSlotCount());
       emit(emitter, "worker/taskSlot/used/count", statsProvider.getWorkerUsedTaskSlotCount());
-    } else {
+    } else if (isIndexer) {
       emit(emitter, "worker/task/running/count", indexerStatsProvider.getWorkerRunningTasks());
       emit(emitter, "worker/task/assigned/count", indexerStatsProvider.getWorkerAssignedTasks());
       emit(emitter, "worker/task/completed/count", indexerStatsProvider.getWorkerCompletedTasks());
+ git checkout 483a03f26c7221f10493d86715985a58e61af967 server/src/test/java/org/apache/druid/server/metrics/WorkerTaskCountStatsMonitorTest.java
Updated 0 paths from a7cdbf8d63
+ git apply -v -
Checking patch server/src/test/java/org/apache/druid/server/metrics/WorkerTaskCountStatsMonitorTest.java...
Applied patch server/src/test/java/org/apache/druid/server/metrics/WorkerTaskCountStatsMonitorTest.java cleanly.
+ mvn test -B -pl server -Dtest=org.apache.druid.server.metrics.WorkerTaskCountStatsMonitorTest#testMonitorWithPeon
[INFO] Scanning for projects...
[INFO] 
[INFO] -------------------< org.apache.druid:druid-server >--------------------
[INFO] Building druid-server 31.0.0-SNAPSHOT
[INFO]   from pom.xml
[INFO] --------------------------------[ jar ]---------------------------------
[INFO] 
[INFO] --- checkstyle:3.0.0:check (validate) @ druid-server ---
[INFO] Starting audit...
Audit done.
[INFO] 
[INFO] >>> pmd:3.16.0:check (validate) > :pmd @ druid-server >>>
[INFO] 
[INFO] --- pmd:3.16.0:pmd (pmd) @ druid-server ---
[INFO] PMD version: 6.42.0
[INFO] 
[INFO] <<< pmd:3.16.0:check (validate) < :pmd @ druid-server <<<
[INFO] 
[INFO] 
[INFO] --- pmd:3.16.0:check (validate) @ druid-server ---
[INFO] PMD version: 6.42.0
[INFO] 
[INFO] 
[INFO] --- enforcer:3.0.0:enforce (enforce-maven-version) @ druid-server ---
[INFO] 
[INFO] --- enforcer:3.0.0:enforce (enforce-java-version) @ druid-server ---
[INFO] 
[INFO] --- enforcer:3.0.0:enforce (default-cli) @ druid-server ---
[INFO] 
[INFO] --- git-commit-id:4.9.10:revision (default) @ druid-server ---
[INFO] 
[INFO] --- jacoco:0.8.7:prepare-agent (prepare-agent) @ druid-server ---
[INFO] jacocoArgLine set to -javaagent:/root/.m2/repository/org/jacoco/org.jacoco.agent/0.8.7/org.jacoco.agent-0.8.7-runtime.jar=destfile=/testbed/server/target/jacoco.exec,excludes=org/apache/druid/metadata/BasicDataSourceExt.class:org/apache/druid/server/QueryResponse.class:org/apache/druid/curator/CuratorModule.class:org/apache/druid/server/SubqueryGuardrailHelperProvider.class
[INFO] 
[INFO] --- remote-resources:1.7.0:process (process-resource-bundles) @ druid-server ---
[INFO] Preparing remote bundle org.apache.apache.resources:apache-jar-resource-bundle:1.5
[INFO] Copying 3 resources from 1 bundle.
[INFO] 
[INFO] --- resources:3.2.0:resources (default-resources) @ druid-server ---
[INFO] Using 'UTF-8' encoding to copy filtered resources.
[INFO] Using 'UTF-8' encoding to copy filtered properties files.
[INFO] skip non existing resourceDirectory /testbed/server/src/main/resources
[INFO] Copying 3 resources
[INFO] 
[INFO] --- compiler:3.11.0:compile (default-compile) @ druid-server ---
[INFO] Changes detected - recompiling the module! :source
[INFO] Compiling 765 source files with javac [debug release 8] to target/classes
[INFO] /testbed/server/src/main/java/org/apache/druid/server/coordinator/DruidCoordinator.java: Some input files use or override a deprecated API.
[INFO] /testbed/server/src/main/java/org/apache/druid/server/coordinator/DruidCoordinator.java: Recompile with -Xlint:deprecation for details.
[INFO] /testbed/server/src/main/java/org/apache/druid/server/coordinator/CoordinatorDynamicConfig.java: Some input files use unchecked or unsafe operations.
[INFO] /testbed/server/src/main/java/org/apache/druid/server/coordinator/CoordinatorDynamicConfig.java: Recompile with -Xlint:unchecked for details.
[INFO] 
[INFO] --- forbiddenapis:3.2:check (compile) @ druid-server ---
[INFO] Scanning for classes to check...
[INFO] Reading bundled API signatures: jdk-unsafe-1.8
[INFO] Reading bundled API signatures: jdk-system-out
[INFO] Reading API signatures: /testbed/codestyle/joda-time-forbidden-apis.txt
[INFO] Reading API signatures: /testbed/codestyle/druid-forbidden-apis.txt
[INFO] Loading classes to check...
[INFO] Scanning classes for violations...
[INFO] Scanned 1218 class file(s) for forbidden API invocations (in 2.20s), 0 error(s).
[INFO] 
[INFO] --- resources:3.2.0:testResources (default-testResources) @ druid-server ---
[INFO] Using 'UTF-8' encoding to copy filtered resources.
[INFO] Using 'UTF-8' encoding to copy filtered properties files.
[INFO] Copying 8 resources
[INFO] Copying 3 resources
[INFO] 
[INFO] --- compiler:3.11.0:testCompile (default-testCompile) @ druid-server ---
[INFO] Changes detected - recompiling the module! :dependency
[INFO] Compiling 402 source files with javac [debug release 8] to target/test-classes
[INFO] /testbed/server/src/test/java/org/apache/druid/server/ClientInfoResourceTest.java: Some input files use or override a deprecated API.
[INFO] /testbed/server/src/test/java/org/apache/druid/server/ClientInfoResourceTest.java: Recompile with -Xlint:deprecation for details.
[INFO] /testbed/server/src/test/java/org/apache/druid/curator/discovery/ServiceAnnouncerTest.java: Some input files use unchecked or unsafe operations.
[INFO] /testbed/server/src/test/java/org/apache/druid/curator/discovery/ServiceAnnouncerTest.java: Recompile with -Xlint:unchecked for details.
[INFO] 
[INFO] --- forbiddenapis:3.2:testCheck (testCompile) @ druid-server ---
[INFO] Scanning for classes to check...
[INFO] Reading bundled API signatures: jdk-unsafe-1.8
[INFO] Reading API signatures: /testbed/codestyle/joda-time-forbidden-apis.txt
[INFO] Reading API signatures: /testbed/codestyle/druid-forbidden-apis.txt
[INFO] Loading classes to check...
[INFO] Scanning classes for violations...
[INFO] Scanned 939 class file(s) for forbidden API invocations (in 1.87s), 0 error(s).
[INFO] 
[INFO] --- surefire:3.2.5:test (default-test) @ druid-server ---
[INFO] Using auto detected provider org.apache.maven.surefire.junitplatform.JUnitPlatformProvider
[INFO] Downloading from maven.org: https://repo1.maven.org/maven2/org/apache/maven/surefire/surefire-junit-platform/3.2.5/surefire-junit-platform-3.2.5.pom
[INFO] Downloaded from maven.org: https://repo1.maven.org/maven2/org/apache/maven/surefire/surefire-junit-platform/3.2.5/surefire-junit-platform-3.2.5.pom (4.7 kB at 7.9 kB/s)
[INFO] Downloading from maven.org: https://repo1.maven.org/maven2/org/apache/maven/surefire/surefire-providers/3.2.5/surefire-providers-3.2.5.pom
[INFO] Downloaded from maven.org: https://repo1.maven.org/maven2/org/apache/maven/surefire/surefire-providers/3.2.5/surefire-providers-3.2.5.pom (2.6 kB at 97 kB/s)
[INFO] Downloading from maven.org: https://repo1.maven.org/maven2/org/apache/maven/surefire/common-java5/3.2.5/common-java5-3.2.5.pom
[INFO] Downloaded from maven.org: https://repo1.maven.org/maven2/org/apache/maven/surefire/common-java5/3.2.5/common-java5-3.2.5.pom (2.8 kB at 100 kB/s)
[INFO] Downloading from maven.org: https://repo1.maven.org/maven2/org/junit/platform/junit-platform-launcher/1.9.3/junit-platform-launcher-1.9.3.pom
[INFO] Downloaded from maven.org: https://repo1.maven.org/maven2/org/junit/platform/junit-platform-launcher/1.9.3/junit-platform-launcher-1.9.3.pom (3.0 kB at 138 kB/s)
[INFO] Downloading from maven.org: https://repo1.maven.org/maven2/org/junit/platform/junit-platform-engine/1.9.3/junit-platform-engine-1.9.3.pom
[INFO] Downloaded from maven.org: https://repo1.maven.org/maven2/org/junit/platform/junit-platform-engine/1.9.3/junit-platform-engine-1.9.3.pom (3.2 kB at 200 kB/s)
[INFO] Downloading from maven.org: https://repo1.maven.org/maven2/org/opentest4j/opentest4j/1.2.0/opentest4j-1.2.0.pom
[INFO] Downloaded from maven.org: https://repo1.maven.org/maven2/org/opentest4j/opentest4j/1.2.0/opentest4j-1.2.0.pom (1.7 kB at 94 kB/s)
[INFO] Downloading from maven.org: https://repo1.maven.org/maven2/org/junit/platform/junit-platform-commons/1.9.3/junit-platform-commons-1.9.3.pom
[INFO] Downloaded from maven.org: https://repo1.maven.org/maven2/org/junit/platform/junit-platform-commons/1.9.3/junit-platform-commons-1.9.3.pom (2.8 kB at 189 kB/s)
[INFO] Downloading from maven.org: https://repo1.maven.org/maven2/org/apache/maven/surefire/surefire-junit-platform/3.2.5/surefire-junit-platform-3.2.5.jar
[INFO] Downloaded from maven.org: https://repo1.maven.org/maven2/org/apache/maven/surefire/surefire-junit-platform/3.2.5/surefire-junit-platform-3.2.5.jar (27 kB at 1.7 MB/s)
[INFO] Downloading from maven.org: https://repo1.maven.org/maven2/org/apache/maven/surefire/common-java5/3.2.5/common-java5-3.2.5.jar
[INFO] Downloading from maven.org: https://repo1.maven.org/maven2/org/opentest4j/opentest4j/1.2.0/opentest4j-1.2.0.jar
[INFO] Downloading from maven.org: https://repo1.maven.org/maven2/org/junit/platform/junit-platform-launcher/1.9.3/junit-platform-launcher-1.9.3.jar
[INFO] Downloading from maven.org: https://repo1.maven.org/maven2/org/junit/platform/junit-platform-commons/1.9.3/junit-platform-commons-1.9.3.jar
[INFO] Downloading from maven.org: https://repo1.maven.org/maven2/org/junit/platform/junit-platform-engine/1.9.3/junit-platform-engine-1.9.3.jar
[INFO] Downloaded from maven.org: https://repo1.maven.org/maven2/org/opentest4j/opentest4j/1.2.0/opentest4j-1.2.0.jar (7.7 kB at 170 kB/s)
[INFO] Downloaded from maven.org: https://repo1.maven.org/maven2/org/apache/maven/surefire/common-java5/3.2.5/common-java5-3.2.5.jar (18 kB at 179 kB/s)
[INFO] Downloaded from maven.org: https://repo1.maven.org/maven2/org/junit/platform/junit-platform-commons/1.9.3/junit-platform-commons-1.9.3.jar (103 kB at 1.1 MB/s)
[INFO] Downloaded from maven.org: https://repo1.maven.org/maven2/org/junit/platform/junit-platform-launcher/1.9.3/junit-platform-launcher-1.9.3.jar (169 kB at 1.4 MB/s)
[INFO] Downloaded from maven.org: https://repo1.maven.org/maven2/org/junit/platform/junit-platform-engine/1.9.3/junit-platform-engine-1.9.3.jar (189 kB at 1.6 MB/s)
[INFO] Downloading from maven.org: https://repo1.maven.org/maven2/org/junit/platform/junit-platform-launcher/1.10.2/junit-platform-launcher-1.10.2.pom
[INFO] Downloaded from maven.org: https://repo1.maven.org/maven2/org/junit/platform/junit-platform-launcher/1.10.2/junit-platform-launcher-1.10.2.pom (3.0 kB at 151 kB/s)
[INFO] Downloading from maven.org: https://repo1.maven.org/maven2/org/junit/platform/junit-platform-launcher/1.10.2/junit-platform-launcher-1.10.2.jar
[INFO] Downloaded from maven.org: https://repo1.maven.org/maven2/org/junit/platform/junit-platform-launcher/1.10.2/junit-platform-launcher-1.10.2.jar (184 kB at 3.4 MB/s)
[INFO] 
[INFO] -------------------------------------------------------
[INFO]  T E S T S
[INFO] -------------------------------------------------------
[INFO] Running org.apache.druid.server.metrics.WorkerTaskCountStatsMonitorTest
[INFO] Tests run: 1, Failures: 0, Errors: 0, Skipped: 0, Time elapsed: 1.498 s -- in org.apache.druid.server.metrics.WorkerTaskCountStatsMonitorTest
[INFO] 
[INFO] Results:
[INFO] 
[INFO] Tests run: 1, Failures: 0, Errors: 0, Skipped: 0
[INFO] 
[INFO] 
[INFO] --- animal-sniffer:1.23:check (check-java-api) @ druid-server ---
[INFO] Checking unresolved references to org.codehaus.mojo.signature:java18:1.0
[INFO] ------------------------------------------------------------------------
[INFO] BUILD SUCCESS
[INFO] ------------------------------------------------------------------------
[INFO] Total time:  02:45 min
[INFO] Finished at: 2024-10-04T11:39:27Z
[INFO] ------------------------------------------------------------------------
+ mvn test -B -pl server -Dtest=org.apache.druid.server.metrics.WorkerTaskCountStatsMonitorTest#testMonitorWithNulls
[INFO] Scanning for projects...
[INFO] 
[INFO] -------------------< org.apache.druid:druid-server >--------------------
[INFO] Building druid-server 31.0.0-SNAPSHOT
[INFO]   from pom.xml
[INFO] --------------------------------[ jar ]---------------------------------
[INFO] 
[INFO] --- checkstyle:3.0.0:check (validate) @ druid-server ---
[INFO] Starting audit...
Audit done.
[INFO] 
[INFO] >>> pmd:3.16.0:check (validate) > :pmd @ druid-server >>>
[INFO] 
[INFO] --- pmd:3.16.0:pmd (pmd) @ druid-server ---
[INFO] PMD version: 6.42.0
[INFO] 
[INFO] <<< pmd:3.16.0:check (validate) < :pmd @ druid-server <<<
[INFO] 
[INFO] 
[INFO] --- pmd:3.16.0:check (validate) @ druid-server ---
[INFO] PMD version: 6.42.0
[INFO] 
[INFO] 
[INFO] --- enforcer:3.0.0:enforce (enforce-maven-version) @ druid-server ---
[INFO] 
[INFO] --- enforcer:3.0.0:enforce (enforce-java-version) @ druid-server ---
[INFO] 
[INFO] --- enforcer:3.0.0:enforce (default-cli) @ druid-server ---
[INFO] 
[INFO] --- git-commit-id:4.9.10:revision (default) @ druid-server ---
[INFO] 
[INFO] --- jacoco:0.8.7:prepare-agent (prepare-agent) @ druid-server ---
[INFO] jacocoArgLine set to -javaagent:/root/.m2/repository/org/jacoco/org.jacoco.agent/0.8.7/org.jacoco.agent-0.8.7-runtime.jar=destfile=/testbed/server/target/jacoco.exec,excludes=org/apache/druid/metadata/BasicDataSourceExt.class:org/apache/druid/server/QueryResponse.class:org/apache/druid/curator/CuratorModule.class:org/apache/druid/server/SubqueryGuardrailHelperProvider.class
[INFO] 
[INFO] --- remote-resources:1.7.0:process (process-resource-bundles) @ druid-server ---
[INFO] Preparing remote bundle org.apache.apache.resources:apache-jar-resource-bundle:1.5
[INFO] Copying 3 resources from 1 bundle.
[INFO] 
[INFO] --- resources:3.2.0:resources (default-resources) @ druid-server ---
[INFO] Using 'UTF-8' encoding to copy filtered resources.
[INFO] Using 'UTF-8' encoding to copy filtered properties files.
[INFO] skip non existing resourceDirectory /testbed/server/src/main/resources
[INFO] Copying 3 resources
[INFO] 
[INFO] --- compiler:3.11.0:compile (default-compile) @ druid-server ---
[INFO] Nothing to compile - all classes are up to date
[INFO] 
[INFO] --- forbiddenapis:3.2:check (compile) @ druid-server ---
[INFO] Scanning for classes to check...
[INFO] Reading bundled API signatures: jdk-unsafe-1.8
[INFO] Reading bundled API signatures: jdk-system-out
[INFO] Reading API signatures: /testbed/codestyle/joda-time-forbidden-apis.txt
[INFO] Reading API signatures: /testbed/codestyle/druid-forbidden-apis.txt
[INFO] Loading classes to check...
[INFO] Scanning classes for violations...
[INFO] Scanned 1218 class file(s) for forbidden API invocations (in 1.90s), 0 error(s).
[INFO] 
[INFO] --- resources:3.2.0:testResources (default-testResources) @ druid-server ---
[INFO] Using 'UTF-8' encoding to copy filtered resources.
[INFO] Using 'UTF-8' encoding to copy filtered properties files.
[INFO] Copying 8 resources
[INFO] Copying 3 resources
[INFO] 
[INFO] --- compiler:3.11.0:testCompile (default-testCompile) @ druid-server ---
[INFO] Nothing to compile - all classes are up to date
[INFO] 
[INFO] --- forbiddenapis:3.2:testCheck (testCompile) @ druid-server ---
[INFO] Scanning for classes to check...
[INFO] Reading bundled API signatures: jdk-unsafe-1.8
[INFO] Reading API signatures: /testbed/codestyle/joda-time-forbidden-apis.txt
[INFO] Reading API signatures: /testbed/codestyle/druid-forbidden-apis.txt
[INFO] Loading classes to check...
[INFO] Scanning classes for violations...
[INFO] Scanned 939 class file(s) for forbidden API invocations (in 1.61s), 0 error(s).
[INFO] 
[INFO] --- surefire:3.2.5:test (default-test) @ druid-server ---
[INFO] Using auto detected provider org.apache.maven.surefire.junitplatform.JUnitPlatformProvider
[INFO] 
[INFO] -------------------------------------------------------
[INFO]  T E S T S
[INFO] -------------------------------------------------------
[INFO] Running org.apache.druid.server.metrics.WorkerTaskCountStatsMonitorTest
[INFO] Tests run: 1, Failures: 0, Errors: 0, Skipped: 0, Time elapsed: 1.174 s -- in org.apache.druid.server.metrics.WorkerTaskCountStatsMonitorTest
[INFO] 
[INFO] Results:
[INFO] 
[INFO] Tests run: 1, Failures: 0, Errors: 0, Skipped: 0
[INFO] 
[INFO] 
[INFO] --- animal-sniffer:1.23:check (check-java-api) @ druid-server ---
[INFO] Checking unresolved references to org.codehaus.mojo.signature:java18:1.0
[INFO] ------------------------------------------------------------------------
[INFO] BUILD SUCCESS
[INFO] ------------------------------------------------------------------------
[INFO] Total time:  58.766 s
[INFO] Finished at: 2024-10-04T11:40:30Z
[INFO] ------------------------------------------------------------------------
+ mvn test -B -pl server -Dtest=org.apache.druid.server.metrics.WorkerTaskCountStatsMonitorTest#testMonitorIndexer
[INFO] Scanning for projects...
[INFO] 
[INFO] -------------------< org.apache.druid:druid-server >--------------------
[INFO] Building druid-server 31.0.0-SNAPSHOT
[INFO]   from pom.xml
[INFO] --------------------------------[ jar ]---------------------------------
[INFO] 
[INFO] --- checkstyle:3.0.0:check (validate) @ druid-server ---
[INFO] Starting audit...
Audit done.
[INFO] 
[INFO] >>> pmd:3.16.0:check (validate) > :pmd @ druid-server >>>
[INFO] 
[INFO] --- pmd:3.16.0:pmd (pmd) @ druid-server ---
[INFO] PMD version: 6.42.0
[INFO] 
[INFO] <<< pmd:3.16.0:check (validate) < :pmd @ druid-server <<<
[INFO] 
[INFO] 
[INFO] --- pmd:3.16.0:check (validate) @ druid-server ---
[INFO] PMD version: 6.42.0
[INFO] 
[INFO] 
[INFO] --- enforcer:3.0.0:enforce (enforce-maven-version) @ druid-server ---
[INFO] 
[INFO] --- enforcer:3.0.0:enforce (enforce-java-version) @ druid-server ---
[INFO] 
[INFO] --- enforcer:3.0.0:enforce (default-cli) @ druid-server ---
[INFO] 
[INFO] --- git-commit-id:4.9.10:revision (default) @ druid-server ---
[INFO] 
[INFO] --- jacoco:0.8.7:prepare-agent (prepare-agent) @ druid-server ---
[INFO] jacocoArgLine set to -javaagent:/root/.m2/repository/org/jacoco/org.jacoco.agent/0.8.7/org.jacoco.agent-0.8.7-runtime.jar=destfile=/testbed/server/target/jacoco.exec,excludes=org/apache/druid/metadata/BasicDataSourceExt.class:org/apache/druid/server/QueryResponse.class:org/apache/druid/curator/CuratorModule.class:org/apache/druid/server/SubqueryGuardrailHelperProvider.class
[INFO] 
[INFO] --- remote-resources:1.7.0:process (process-resource-bundles) @ druid-server ---
[INFO] Preparing remote bundle org.apache.apache.resources:apache-jar-resource-bundle:1.5
[INFO] Copying 3 resources from 1 bundle.
[INFO] 
[INFO] --- resources:3.2.0:resources (default-resources) @ druid-server ---
[INFO] Using 'UTF-8' encoding to copy filtered resources.
[INFO] Using 'UTF-8' encoding to copy filtered properties files.
[INFO] skip non existing resourceDirectory /testbed/server/src/main/resources
[INFO] Copying 3 resources
[INFO] 
[INFO] --- compiler:3.11.0:compile (default-compile) @ druid-server ---
[INFO] Nothing to compile - all classes are up to date
[INFO] 
[INFO] --- forbiddenapis:3.2:check (compile) @ druid-server ---
[INFO] Scanning for classes to check...
[INFO] Reading bundled API signatures: jdk-unsafe-1.8
[INFO] Reading bundled API signatures: jdk-system-out
[INFO] Reading API signatures: /testbed/codestyle/joda-time-forbidden-apis.txt
[INFO] Reading API signatures: /testbed/codestyle/druid-forbidden-apis.txt
[INFO] Loading classes to check...
[INFO] Scanning classes for violations...
[INFO] Scanned 1218 class file(s) for forbidden API invocations (in 2.48s), 0 error(s).
[INFO] 
[INFO] --- resources:3.2.0:testResources (default-testResources) @ druid-server ---
[INFO] Using 'UTF-8' encoding to copy filtered resources.
[INFO] Using 'UTF-8' encoding to copy filtered properties files.
[INFO] Copying 8 resources
[INFO] Copying 3 resources
[INFO] 
[INFO] --- compiler:3.11.0:testCompile (default-testCompile) @ druid-server ---
[INFO] Nothing to compile - all classes are up to date
[INFO] 
[INFO] --- forbiddenapis:3.2:testCheck (testCompile) @ druid-server ---
[INFO] Scanning for classes to check...
[INFO] Reading bundled API signatures: jdk-unsafe-1.8
[INFO] Reading API signatures: /testbed/codestyle/joda-time-forbidden-apis.txt
[INFO] Reading API signatures: /testbed/codestyle/druid-forbidden-apis.txt
[INFO] Loading classes to check...
[INFO] Scanning classes for violations...
[INFO] Scanned 939 class file(s) for forbidden API invocations (in 2.04s), 0 error(s).
[INFO] 
[INFO] --- surefire:3.2.5:test (default-test) @ druid-server ---
[INFO] Using auto detected provider org.apache.maven.surefire.junitplatform.JUnitPlatformProvider
[INFO] 
[INFO] -------------------------------------------------------
[INFO]  T E S T S
[INFO] -------------------------------------------------------
[INFO] Running org.apache.druid.server.metrics.WorkerTaskCountStatsMonitorTest
[INFO] Tests run: 1, Failures: 0, Errors: 0, Skipped: 0, Time elapsed: 1.324 s -- in org.apache.druid.server.metrics.WorkerTaskCountStatsMonitorTest
[INFO] 
[INFO] Results:
[INFO] 
[INFO] Tests run: 1, Failures: 0, Errors: 0, Skipped: 0
[INFO] 
[INFO] 
[INFO] --- animal-sniffer:1.23:check (check-java-api) @ druid-server ---
[INFO] Checking unresolved references to org.codehaus.mojo.signature:java18:1.0
[INFO] ------------------------------------------------------------------------
[INFO] BUILD SUCCESS
[INFO] ------------------------------------------------------------------------
[INFO] Total time:  01:03 min
[INFO] Finished at: 2024-10-04T11:41:38Z
[INFO] ------------------------------------------------------------------------
+ git checkout 483a03f26c7221f10493d86715985a58e61af967 server/src/test/java/org/apache/druid/server/metrics/WorkerTaskCountStatsMonitorTest.java
Updated 1 path from a7cdbf8d63
